<?xml version="1.0" encoding="UTF-8"?>
<testng-results ignored="0" total="1" passed="1" failed="0" skipped="0">
  <reporter-output>
  </reporter-output>
  <suite started-at="2024-11-09T14:43:09 IST" name="Default suite" finished-at="2024-11-09T14:43:38 IST" duration-ms="28352">
    <groups>
    </groups>
    <test started-at="2024-11-09T14:43:09 IST" name="Default test" finished-at="2024-11-09T14:43:38 IST" duration-ms="28352">
      <class name="com.vigilEye.project.GetTitle">
        <test-method signature="setUp()[pri:0, instance:com.vigilEye.project.GetTitle@41d477ed]" started-at="2024-11-09T14:43:09 IST" name="setUp" finished-at="2024-11-09T14:43:38 IST" duration-ms="28297" status="PASS">
          <reporter-output>
          </reporter-output>
        </test-method> <!-- setUp -->
      </class> <!-- com.vigilEye.project.GetTitle -->
    </test> <!-- Default test -->
  </suite> <!-- Default suite -->
</testng-results>
